<?xml version="1.0" ?>
<!DOCTYPE coverage SYSTEM "http://cobertura.sourceforge.net/xml/coverage-04.dtd">
<coverage lines-valid="95" lines-covered="62" line-rate="0.6526000000000001" branches-valid="45" branches-covered="20" branch-rate="0.44439999999999996" timestamp="1620989254383" complexity="0" version="0.1">
  <sources>
    <source>/home/user/Documentos/npm/formatter</source>
  </sources>
  <packages>
    <class name="formatter.ts" filename="src/formatter.ts" line-rate="0.6526000000000001" branch-rate="0.44439999999999996">
      <methods>
        <method name="(anonymous_1)" hits="6" signature="()V">
          <lines>
            <line number="26" hits="6"/>
          </lines>
        </method>
        <method name="(anonymous_2)" hits="4" signature="()V">
          <lines>
            <line number="36" hits="4"/>
          </lines>
        </method>
        <method name="(anonymous_3)" hits="7" signature="()V">
          <lines>
            <line number="44" hits="7"/>
          </lines>
        </method>
        <method name="(anonymous_4)" hits="7" signature="()V">
          <lines>
            <line number="58" hits="7"/>
          </lines>
        </method>
        <method name="(anonymous_5)" hits="0" signature="()V">
          <lines>
            <line number="70" hits="0"/>
          </lines>
        </method>
        <method name="(anonymous_6)" hits="10" signature="()V">
          <lines>
            <line number="90" hits="10"/>
          </lines>
        </method>
        <method name="(anonymous_7)" hits="0" signature="()V">
          <lines>
            <line number="114" hits="0"/>
          </lines>
        </method>
        <method name="(anonymous_8)" hits="0" signature="()V">
          <lines>
            <line number="186" hits="0"/>
          </lines>
        </method>
        <method name="(anonymous_9)" hits="0" signature="()V">
          <lines>
            <line number="210" hits="0"/>
          </lines>
        </method>
        <method name="(anonymous_10)" hits="0" signature="()V">
          <lines>
            <line number="213" hits="0"/>
          </lines>
        </method>
        <method name="(anonymous_11)" hits="0" signature="()V">
          <lines>
            <line number="214" hits="0"/>
          </lines>
        </method>
      </methods>
      <lines>
        <line number="1" hits="1" branch="false"/>
        <line number="2" hits="1" branch="false"/>
        <line number="3" hits="1" branch="false"/>
        <line number="7" hits="1" branch="false"/>
        <line number="11" hits="1" branch="false"/>
        <line number="12" hits="1" branch="false"/>
        <line number="13" hits="1" branch="false"/>
        <line number="17" hits="1" branch="false"/>
        <line number="23" hits="1" branch="false"/>
        <line number="24" hits="1" branch="false"/>
        <line number="26" hits="1" branch="false"/>
        <line number="27" hits="6" branch="false"/>
        <line number="28" hits="6" branch="false"/>
        <line number="29" hits="6" branch="true" condition-coverage="100% (2/2)"/>
        <line number="30" hits="6" branch="false"/>
        <line number="31" hits="6" branch="false"/>
        <line number="33" hits="6" branch="false"/>
        <line number="36" hits="1" branch="false"/>
        <line number="37" hits="4" branch="false"/>
        <line number="38" hits="4" branch="true" condition-coverage="100% (2/2)"/>
        <line number="39" hits="2" branch="false"/>
        <line number="41" hits="2" branch="false"/>
        <line number="44" hits="1" branch="false"/>
        <line number="45" hits="7" branch="false"/>
        <line number="46" hits="7" branch="false"/>
        <line number="47" hits="7" branch="true" condition-coverage="100% (4/4)"/>
        <line number="48" hits="5" branch="true" condition-coverage="100% (2/2)"/>
        <line number="49" hits="3" branch="false"/>
        <line number="50" hits="3" branch="false"/>
        <line number="52" hits="2" branch="false"/>
        <line number="53" hits="2" branch="false"/>
        <line number="55" hits="2" branch="false"/>
        <line number="58" hits="1" branch="false"/>
        <line number="59" hits="7" branch="false"/>
        <line number="60" hits="7" branch="true" condition-coverage="100% (4/4)"/>
        <line number="61" hits="5" branch="true" condition-coverage="100% (2/2)"/>
        <line number="62" hits="3" branch="false"/>
        <line number="63" hits="3" branch="false"/>
        <line number="65" hits="2" branch="false"/>
        <line number="67" hits="2" branch="false"/>
        <line number="70" hits="1" branch="false"/>
        <line number="71" hits="0" branch="false"/>
        <line number="72" hits="0" branch="false"/>
        <line number="73" hits="0" branch="true" condition-coverage="0% (0/2)"/>
        <line number="75" hits="0" branch="false"/>
        <line number="78" hits="0" branch="false"/>
        <line number="84" hits="1" branch="false"/>
        <line number="90" hits="1" branch="false"/>
        <line number="91" hits="10" branch="false"/>
        <line number="93" hits="10" branch="false"/>
        <line number="94" hits="10" branch="false"/>
        <line number="95" hits="10" branch="true" condition-coverage="100% (4/4)"/>
        <line number="96" hits="8" branch="false"/>
        <line number="100" hits="2" branch="false"/>
        <line number="105" hits="1" branch="false"/>
        <line number="107" hits="1" branch="false"/>
        <line number="114" hits="1" branch="false"/>
        <line number="116" hits="0" branch="false"/>
        <line number="117" hits="0" branch="false"/>
        <line number="119" hits="0" branch="true" condition-coverage="0% (0/4)"/>
        <line number="120" hits="0" branch="false"/>
        <line number="121" hits="0" branch="true" condition-coverage="0% (0/2)"/>
        <line number="122" hits="0" branch="false"/>
        <line number="124" hits="0" branch="false"/>
        <line number="127" hits="0" branch="false"/>
        <line number="128" hits="0" branch="true" condition-coverage="0% (0/2)"/>
        <line number="130" hits="0" branch="false"/>
        <line number="132" hits="0" branch="false"/>
        <line number="134" hits="0" branch="false"/>
        <line number="138" hits="0" branch="false"/>
        <line number="148" hits="1" branch="false"/>
        <line number="154" hits="1" branch="false"/>
        <line number="159" hits="1" branch="false"/>
        <line number="164" hits="1" branch="false"/>
        <line number="169" hits="1" branch="false"/>
        <line number="174" hits="1" branch="false"/>
        <line number="179" hits="1" branch="false"/>
        <line number="186" hits="1" branch="true" condition-coverage="0% (0/1)"/>
        <line number="187" hits="0" branch="true" condition-coverage="0% (0/2)"/>
        <line number="189" hits="0" branch="false"/>
        <line number="190" hits="0" branch="false"/>
        <line number="191" hits="0" branch="false"/>
        <line number="192" hits="0" branch="true" condition-coverage="0% (0/2)"/>
        <line number="193" hits="0" branch="false"/>
        <line number="194" hits="0" branch="false"/>
        <line number="195" hits="0" branch="false"/>
        <line number="196" hits="0" branch="false"/>
        <line number="199" hits="0" branch="false"/>
        <line number="202" hits="0" branch="true" condition-coverage="0% (0/2)"/>
        <line number="203" hits="0" branch="false"/>
        <line number="207" hits="0" branch="false"/>
        <line number="210" hits="1" branch="true" condition-coverage="0% (0/1)"/>
        <line number="211" hits="0" branch="true" condition-coverage="0% (0/2)"/>
        <line number="213" hits="1" branch="true" condition-coverage="0% (0/1)"/>
        <line number="214" hits="0" branch="true" condition-coverage="0% (0/2)"/>
      </lines>
    </class>
  </packages>
</coverage>
